# JRE version: OpenJDK Runtime Environment (8.0_242-b01) (build 1.8.0_242-release-1644-b01)
# Java VM: OpenJDK 64-Bit Server VM (25.242-b01 mixed mode windows-amd64 compressed oops)
Heap:
 PSYoungGen      total 194560K, used 181380K [0x00000000d5580000, 0x00000000e4680000, 0x0000000100000000)
  eden space 175104K, 94% used [0x00000000d5580000,0x00000000df71cf10,0x00000000e0080000)
  from space 19456K, 81% used [0x00000000e0080000,0x00000000e10044b0,0x00000000e1380000)
  to   space 20480K, 0% used [0x00000000e3280000,0x00000000e3280000,0x00000000e4680000)
 ParOldGen       total 136192K, used 36339K [0x0000000080000000, 0x0000000088500000, 0x00000000d5580000)
  object space 136192K, 26% used [0x0000000080000000,0x000000008237cf40,0x0000000088500000)
 Metaspace       used 76007K, capacity 79845K, committed 80088K, reserved 1118208K
  class space    used 10177K, capacity 10978K, committed 11008K, reserved 1048576K
GC Heap History (10 events):
Event: 7.098 GC heap before
{Heap before GC invocations=12 (full 2):
 PSYoungGen      total 120320K, used 108544K [0x00000000d5580000, 0x00000000e0480000, 0x0000000100000000)
  eden space 108544K, 100% used [0x00000000d5580000,0x00000000dbf80000,0x00000000dbf80000)
  from space 11776K, 0% used [0x00000000dbf80000,0x00000000dbf80000,0x00000000dcb00000)
  to   space 12288K, 0% used [0x00000000df880000,0x00000000df880000,0x00000000e0480000)
 ParOldGen       total 84992K, used 15606K [0x0000000080000000, 0x0000000085300000, 0x00000000d5580000)
  object space 84992K, 18% used [0x0000000080000000,0x0000000080f3dbf0,0x0000000085300000)
 Metaspace       used 38801K, capacity 40872K, committed 41048K, reserved 1085440K
  class space    used 5331K, capacity 5747K, committed 5760K, reserved 1048576K
Event: 7.107 GC heap after
Heap after GC invocations=12 (full 2):
 PSYoungGen      total 148992K, used 9493K [0x00000000d5580000, 0x00000000e0200000, 0x0000000100000000)
  eden space 139264K, 0% used [0x00000000d5580000,0x00000000d5580000,0x00000000ddd80000)
  from space 9728K, 97% used [0x00000000df880000,0x00000000e01c5588,0x00000000e0200000)
  to   space 12800K, 0% used [0x00000000de900000,0x00000000de900000,0x00000000df580000)
 ParOldGen       total 84992K, used 15614K [0x0000000080000000, 0x0000000085300000, 0x00000000d5580000)
  object space 84992K, 18% used [0x0000000080000000,0x0000000080f3fbf0,0x0000000085300000)
 Metaspace       used 38801K, capacity 40872K, committed 41048K, reserved 1085440K
  class space    used 5331K, capacity 5747K, committed 5760K, reserved 1048576K
}
Event: 8.541 GC heap before
{Heap before GC invocations=13 (full 2):
 PSYoungGen      total 148992K, used 148757K [0x00000000d5580000, 0x00000000e0200000, 0x0000000100000000)
  eden space 139264K, 100% used [0x00000000d5580000,0x00000000ddd80000,0x00000000ddd80000)
  from space 9728K, 97% used [0x00000000df880000,0x00000000e01c5588,0x00000000e0200000)
  to   space 12800K, 0% used [0x00000000de900000,0x00000000de900000,0x00000000df580000)
 ParOldGen       total 84992K, used 15614K [0x0000000080000000, 0x0000000085300000, 0x00000000d5580000)
  object space 84992K, 18% used [0x0000000080000000,0x0000000080f3fbf0,0x0000000085300000)
 Metaspace       used 49780K, capacity 52048K, committed 52184K, reserved 1093632K
  class space    used 6697K, capacity 7140K, committed 7168K, reserved 1048576K
Event: 8.556 GC heap after
Heap after GC invocations=13 (full 2):
 PSYoungGen      total 163840K, used 12796K [0x00000000d5580000, 0x00000000e2400000, 0x0000000100000000)
  eden space 151040K, 0% used [0x00000000d5580000,0x00000000d5580000,0x00000000de900000)
  from space 12800K, 99% used [0x00000000de900000,0x00000000df57f320,0x00000000df580000)
  to   space 16896K, 0% used [0x00000000e1380000,0x00000000e1380000,0x00000000e2400000)
 ParOldGen       total 84992K, used 23974K [0x0000000080000000, 0x0000000085300000, 0x00000000d5580000)
  object space 84992K, 28% used [0x0000000080000000,0x0000000081769a20,0x0000000085300000)
 Metaspace       used 49780K, capacity 52048K, committed 52184K, reserved 1093632K
  class space    used 6697K, capacity 7140K, committed 7168K, reserved 1048576K
}
Event: 9.294 GC heap before
{Heap before GC invocations=14 (full 2):
 PSYoungGen      total 163840K, used 101364K [0x00000000d5580000, 0x00000000e2400000, 0x0000000100000000)
  eden space 151040K, 58% used [0x00000000d5580000,0x00000000dabfdea0,0x00000000de900000)
  from space 12800K, 99% used [0x00000000de900000,0x00000000df57f320,0x00000000df580000)
  to   space 16896K, 0% used [0x00000000e1380000,0x00000000e1380000,0x00000000e2400000)
 ParOldGen       total 84992K, used 23974K [0x0000000080000000, 0x0000000085300000, 0x00000000d5580000)
  object space 84992K, 28% used [0x0000000080000000,0x0000000081769a20,0x0000000085300000)
 Metaspace       used 56246K, capacity 59011K, committed 59028K, reserved 1099776K
  class space    used 7650K, capacity 8192K, committed 8192K, reserved 1048576K
Event: 9.309 GC heap after
Heap after GC invocations=14 (full 2):
 PSYoungGen      total 192000K, used 16784K [0x00000000d5580000, 0x00000000e3b00000, 0x0000000100000000)
  eden space 175104K, 0% used [0x00000000d5580000,0x00000000d5580000,0x00000000e0080000)
  from space 16896K, 99% used [0x00000000e1380000,0x00000000e23e41f0,0x00000000e2400000)
  to   space 19456K, 0% used [0x00000000e0080000,0x00000000e0080000,0x00000000e1380000)
 ParOldGen       total 84992K, used 29156K [0x0000000080000000, 0x0000000085300000, 0x00000000d5580000)
  object space 84992K, 34% used [0x0000000080000000,0x0000000081c79190,0x0000000085300000)
 Metaspace       used 56246K, capacity 59011K, committed 59028K, reserved 1099776K
  class space    used 7650K, capacity 8192K, committed 8192K, reserved 1048576K
}
Event: 9.309 GC heap before
{Heap before GC invocations=15 (full 3):
 PSYoungGen      total 192000K, used 16784K [0x00000000d5580000, 0x00000000e3b00000, 0x0000000100000000)
  eden space 175104K, 0% used [0x00000000d5580000,0x00000000d5580000,0x00000000e0080000)
  from space 16896K, 99% used [0x00000000e1380000,0x00000000e23e41f0,0x00000000e2400000)
  to   space 19456K, 0% used [0x00000000e0080000,0x00000000e0080000,0x00000000e1380000)
 ParOldGen       total 84992K, used 29156K [0x0000000080000000, 0x0000000085300000, 0x00000000d5580000)
  object space 84992K, 34% used [0x0000000080000000,0x0000000081c79190,0x0000000085300000)
 Metaspace       used 56246K, capacity 59011K, committed 59028K, reserved 1099776K
  class space    used 7650K, capacity 8192K, committed 8192K, reserved 1048576K
Event: 9.525 GC heap after
Heap after GC invocations=15 (full 3):
 PSYoungGen      total 192000K, used 0K [0x00000000d5580000, 0x00000000e3b00000, 0x0000000100000000)
  eden space 175104K, 0% used [0x00000000d5580000,0x00000000d5580000,0x00000000e0080000)
  from space 16896K, 0% used [0x00000000e1380000,0x00000000e1380000,0x00000000e2400000)
  to   space 19456K, 0% used [0x00000000e0080000,0x00000000e0080000,0x00000000e1380000)
 ParOldGen       total 136192K, used 36267K [0x0000000080000000, 0x0000000088500000, 0x00000000d5580000)
  object space 136192K, 26% used [0x0000000080000000,0x000000008236af30,0x0000000088500000)
 Metaspace       used 56159K, capacity 58717K, committed 59028K, reserved 1099776K
  class space    used 7623K, capacity 8143K, committed 8192K, reserved 1048576K
}
Event: 11.265 GC heap before
{Heap before GC invocations=16 (full 3):
 PSYoungGen      total 192000K, used 175104K [0x00000000d5580000, 0x00000000e3b00000, 0x0000000100000000)
  eden space 175104K, 100% used [0x00000000d5580000,0x00000000e0080000,0x00000000e0080000)
  from space 16896K, 0% used [0x00000000e1380000,0x00000000e1380000,0x00000000e2400000)
  to   space 19456K, 0% used [0x00000000e0080000,0x00000000e0080000,0x00000000e1380000)
 ParOldGen       total 136192K, used 36267K [0x0000000080000000, 0x0000000088500000, 0x00000000d5580000)
  object space 136192K, 26% used [0x0000000080000000,0x000000008236af30,0x0000000088500000)
 Metaspace       used 65641K, capacity 68993K, committed 69080K, reserved 1107968K
  class space    used 9007K, capacity 9658K, committed 9728K, reserved 1048576K
Event: 11.279 GC heap after
Heap after GC invocations=16 (full 3):
 PSYoungGen      total 194560K, used 15889K [0x00000000d5580000, 0x00000000e4680000, 0x0000000100000000)
  eden space 175104K, 0% used [0x00000000d5580000,0x00000000d5580000,0x00000000e0080000)
  from space 19456K, 81% used [0x00000000e0080000,0x00000000e10044b0,0x00000000e1380000)
  to   space 20480K, 0% used [0x00000000e3280000,0x00000000e3280000,0x00000000e4680000)
 ParOldGen       total 136192K, used 36339K [0x0000000080000000, 0x0000000088500000, 0x00000000d5580000)
  object space 136192K, 26% used [0x0000000080000000,0x000000008237cf40,0x0000000088500000)
 Metaspace       used 65641K, capacity 68993K, committed 69080K, reserved 1107968K
  class space    used 9007K, capacity 9658K, committed 9728K, reserved 1048576K
}

