# JRE version: OpenJDK Runtime Environment (8.0_242-b01) (build 1.8.0_242-release-1644-b01)
# Java VM: OpenJDK 64-Bit Server VM (25.242-b01 mixed mode windows-amd64 compressed oops)
Heap:
 PSYoungGen      total 239616K, used 42382K [0x00000000d5580000, 0x00000000e5580000, 0x0000000100000000)
  eden space 222208K, 12% used [0x00000000d5580000,0x00000000d70764a0,0x00000000e2e80000)
  from space 17408K, 84% used [0x00000000e4480000,0x00000000e52ed3c8,0x00000000e5580000)
  to   space 19968K, 0% used [0x00000000e2e80000,0x00000000e2e80000,0x00000000e4200000)
 ParOldGen       total 133120K, used 45086K [0x0000000080000000, 0x0000000088200000, 0x00000000d5580000)
  object space 133120K, 33% used [0x0000000080000000,0x0000000082c07ac0,0x0000000088200000)
 Metaspace       used 76214K, capacity 82430K, committed 82648K, reserved 1120256K
  class space    used 10704K, capacity 11750K, committed 11776K, reserved 1048576K
GC Heap History (10 events):
Event: 8.267 GC heap before
{Heap before GC invocations=13 (full 2):
 PSYoungGen      total 154112K, used 154056K [0x00000000d5580000, 0x00000000e0600000, 0x0000000100000000)
  eden space 143872K, 100% used [0x00000000d5580000,0x00000000de200000,0x00000000de200000)
  from space 10240K, 99% used [0x00000000dfc00000,0x00000000e05f20e8,0x00000000e0600000)
  to   space 12288K, 0% used [0x00000000dee00000,0x00000000dee00000,0x00000000dfa00000)
 ParOldGen       total 82432K, used 14808K [0x0000000080000000, 0x0000000085080000, 0x00000000d5580000)
  object space 82432K, 17% used [0x0000000080000000,0x0000000080e76120,0x0000000085080000)
 Metaspace       used 51859K, capacity 54308K, committed 54360K, reserved 1095680K
  class space    used 7006K, capacity 7541K, committed 7552K, reserved 1048576K
Event: 8.284 GC heap after
Heap after GC invocations=13 (full 2):
 PSYoungGen      total 168448K, used 12268K [0x00000000d5580000, 0x00000000e2f00000, 0x0000000100000000)
  eden space 156160K, 0% used [0x00000000d5580000,0x00000000d5580000,0x00000000dee00000)
  from space 12288K, 99% used [0x00000000dee00000,0x00000000df9fb320,0x00000000dfa00000)
  to   space 17408K, 0% used [0x00000000e1e00000,0x00000000e1e00000,0x00000000e2f00000)
 ParOldGen       total 82432K, used 24940K [0x0000000080000000, 0x0000000085080000, 0x00000000d5580000)
  object space 82432K, 30% used [0x0000000080000000,0x000000008185b1f8,0x0000000085080000)
 Metaspace       used 51859K, capacity 54308K, committed 54360K, reserved 1095680K
  class space    used 7006K, capacity 7541K, committed 7552K, reserved 1048576K
}
Event: 8.884 GC heap before
{Heap before GC invocations=14 (full 2):
 PSYoungGen      total 168448K, used 78996K [0x00000000d5580000, 0x00000000e2f00000, 0x0000000100000000)
  eden space 156160K, 42% used [0x00000000d5580000,0x00000000d96a9f08,0x00000000dee00000)
  from space 12288K, 99% used [0x00000000dee00000,0x00000000df9fb320,0x00000000dfa00000)
  to   space 17408K, 0% used [0x00000000e1e00000,0x00000000e1e00000,0x00000000e2f00000)
 ParOldGen       total 82432K, used 24940K [0x0000000080000000, 0x0000000085080000, 0x00000000d5580000)
  object space 82432K, 30% used [0x0000000080000000,0x000000008185b1f8,0x0000000085080000)
 Metaspace       used 56149K, capacity 58850K, committed 58968K, reserved 1099776K
  class space    used 7661K, capacity 8242K, committed 8320K, reserved 1048576K
Event: 8.899 GC heap after
Heap after GC invocations=14 (full 2):
 PSYoungGen      total 205824K, used 8091K [0x00000000d5580000, 0x00000000e4000000, 0x0000000100000000)
  eden space 188416K, 0% used [0x00000000d5580000,0x00000000d5580000,0x00000000e0d80000)
  from space 17408K, 46% used [0x00000000e1e00000,0x00000000e25e6e58,0x00000000e2f00000)
  to   space 16896K, 0% used [0x00000000e0d80000,0x00000000e0d80000,0x00000000e1e00000)
 ParOldGen       total 82432K, used 37144K [0x0000000080000000, 0x0000000085080000, 0x00000000d5580000)
  object space 82432K, 45% used [0x0000000080000000,0x0000000082446340,0x0000000085080000)
 Metaspace       used 56149K, capacity 58850K, committed 58968K, reserved 1099776K
  class space    used 7661K, capacity 8242K, committed 8320K, reserved 1048576K
}
Event: 8.899 GC heap before
{Heap before GC invocations=15 (full 3):
 PSYoungGen      total 205824K, used 8091K [0x00000000d5580000, 0x00000000e4000000, 0x0000000100000000)
  eden space 188416K, 0% used [0x00000000d5580000,0x00000000d5580000,0x00000000e0d80000)
  from space 17408K, 46% used [0x00000000e1e00000,0x00000000e25e6e58,0x00000000e2f00000)
  to   space 16896K, 0% used [0x00000000e0d80000,0x00000000e0d80000,0x00000000e1e00000)
 ParOldGen       total 82432K, used 37144K [0x0000000080000000, 0x0000000085080000, 0x00000000d5580000)
  object space 82432K, 45% used [0x0000000080000000,0x0000000082446340,0x0000000085080000)
 Metaspace       used 56149K, capacity 58850K, committed 58968K, reserved 1099776K
  class space    used 7661K, capacity 8242K, committed 8320K, reserved 1048576K
Event: 9.098 GC heap after
Heap after GC invocations=15 (full 3):
 PSYoungGen      total 205824K, used 0K [0x00000000d5580000, 0x00000000e4000000, 0x0000000100000000)
  eden space 188416K, 0% used [0x00000000d5580000,0x00000000d5580000,0x00000000e0d80000)
  from space 17408K, 0% used [0x00000000e1e00000,0x00000000e1e00000,0x00000000e2f00000)
  to   space 16896K, 0% used [0x00000000e0d80000,0x00000000e0d80000,0x00000000e1e00000)
 ParOldGen       total 133120K, used 34105K [0x0000000080000000, 0x0000000088200000, 0x00000000d5580000)
  object space 133120K, 25% used [0x0000000080000000,0x000000008214e458,0x0000000088200000)
 Metaspace       used 56050K, capacity 58514K, committed 58968K, reserved 1099776K
  class space    used 7631K, capacity 8186K, committed 8320K, reserved 1048576K
}
Event: 11.537 GC heap before
{Heap before GC invocations=16 (full 3):
 PSYoungGen      total 205824K, used 188416K [0x00000000d5580000, 0x00000000e4000000, 0x0000000100000000)
  eden space 188416K, 100% used [0x00000000d5580000,0x00000000e0d80000,0x00000000e0d80000)
  from space 17408K, 0% used [0x00000000e1e00000,0x00000000e1e00000,0x00000000e2f00000)
  to   space 16896K, 0% used [0x00000000e0d80000,0x00000000e0d80000,0x00000000e1e00000)
 ParOldGen       total 133120K, used 34105K [0x0000000080000000, 0x0000000088200000, 0x00000000d5580000)
  object space 133120K, 25% used [0x0000000080000000,0x000000008214e458,0x0000000088200000)
 Metaspace       used 66143K, capacity 70996K, committed 71256K, reserved 1110016K
  class space    used 9180K, capacity 10025K, committed 10112K, reserved 1048576K
Event: 11.556 GC heap after
Heap after GC invocations=16 (full 3):
 PSYoungGen      total 205312K, used 16876K [0x00000000d5580000, 0x00000000e5700000, 0x0000000100000000)
  eden space 188416K, 0% used [0x00000000d5580000,0x00000000d5580000,0x00000000e0d80000)
  from space 16896K, 99% used [0x00000000e0d80000,0x00000000e1dfb250,0x00000000e1e00000)
  to   space 18944K, 0% used [0x00000000e4480000,0x00000000e4480000,0x00000000e5700000)
 ParOldGen       total 133120K, used 34281K [0x0000000080000000, 0x0000000088200000, 0x00000000d5580000)
  object space 133120K, 25% used [0x0000000080000000,0x000000008217a638,0x0000000088200000)
 Metaspace       used 66143K, capacity 70996K, committed 71256K, reserved 1110016K
  class space    used 9180K, capacity 10025K, committed 10112K, reserved 1048576K
}
Event: 14.681 GC heap before
{Heap before GC invocations=17 (full 3):
 PSYoungGen      total 205312K, used 205292K [0x00000000d5580000, 0x00000000e5700000, 0x0000000100000000)
  eden space 188416K, 100% used [0x00000000d5580000,0x00000000e0d80000,0x00000000e0d80000)
  from space 16896K, 99% used [0x00000000e0d80000,0x00000000e1dfb250,0x00000000e1e00000)
  to   space 18944K, 0% used [0x00000000e4480000,0x00000000e4480000,0x00000000e5700000)
 ParOldGen       total 133120K, used 34281K [0x0000000080000000, 0x0000000088200000, 0x00000000d5580000)
  object space 133120K, 25% used [0x0000000080000000,0x000000008217a638,0x0000000088200000)
 Metaspace       used 75449K, capacity 81486K, committed 81752K, reserved 1120256K
  class space    used 10552K, capacity 11568K, committed 11648K, reserved 1048576K
Event: 14.702 GC heap after
Heap after GC invocations=17 (full 3):
 PSYoungGen      total 239616K, used 14772K [0x00000000d5580000, 0x00000000e5580000, 0x0000000100000000)
  eden space 222208K, 0% used [0x00000000d5580000,0x00000000d5580000,0x00000000e2e80000)
  from space 17408K, 84% used [0x00000000e4480000,0x00000000e52ed3c8,0x00000000e5580000)
  to   space 19968K, 0% used [0x00000000e2e80000,0x00000000e2e80000,0x00000000e4200000)
 ParOldGen       total 133120K, used 45086K [0x0000000080000000, 0x0000000088200000, 0x00000000d5580000)
  object space 133120K, 33% used [0x0000000080000000,0x0000000082c07ac0,0x0000000088200000)
 Metaspace       used 75449K, capacity 81486K, committed 81752K, reserved 1120256K
  class space    used 10552K, capacity 11568K, committed 11648K, reserved 1048576K
}

