# JRE version: OpenJDK Runtime Environment (8.0_242-b01) (build 1.8.0_242-release-1644-b01)
# Java VM: OpenJDK 64-Bit Server VM (25.242-b01 mixed mode windows-amd64 compressed oops)
Heap:
 PSYoungGen      total 239104K, used 168151K [0x00000000d5580000, 0x00000000e5500000, 0x0000000100000000)
  eden space 221696K, 69% used [0x00000000d5580000,0x00000000deb6e640,0x00000000e2e00000)
  from space 17408K, 83% used [0x00000000e4400000,0x00000000e5247798,0x00000000e5500000)
  to   space 19968K, 0% used [0x00000000e2e00000,0x00000000e2e00000,0x00000000e4180000)
 ParOldGen       total 134656K, used 49612K [0x0000000080000000, 0x0000000088380000, 0x00000000d5580000)
  object space 134656K, 36% used [0x0000000080000000,0x00000000830732c8,0x0000000088380000)
 Metaspace       used 84759K, capacity 90965K, committed 91096K, reserved 1128448K
  class space    used 11384K, capacity 12501K, committed 12544K, reserved 1048576K
GC Heap History (10 events):
Event: 10.296 GC heap before
{Heap before GC invocations=13 (full 2):
 PSYoungGen      total 152064K, used 151700K [0x00000000d5580000, 0x00000000dfb80000, 0x0000000100000000)
  eden space 142336K, 100% used [0x00000000d5580000,0x00000000de080000,0x00000000de080000)
  from space 9728K, 96% used [0x00000000df200000,0x00000000dfb25380,0x00000000dfb80000)
  to   space 12288K, 0% used [0x00000000de380000,0x00000000de380000,0x00000000def80000)
 ParOldGen       total 82944K, used 15748K [0x0000000080000000, 0x0000000085100000, 0x00000000d5580000)
  object space 82944K, 18% used [0x0000000080000000,0x0000000080f61160,0x0000000085100000)
 Metaspace       used 49816K, capacity 52158K, committed 52568K, reserved 1095680K
  class space    used 6709K, capacity 7176K, committed 7296K, reserved 1048576K
Event: 10.314 GC heap after
Heap after GC invocations=13 (full 2):
 PSYoungGen      total 157696K, used 12276K [0x00000000d5580000, 0x00000000e3080000, 0x0000000100000000)
  eden space 145408K, 0% used [0x00000000d5580000,0x00000000d5580000,0x00000000de380000)
  from space 12288K, 99% used [0x00000000de380000,0x00000000def7d338,0x00000000def80000)
  to   space 17408K, 0% used [0x00000000e1f80000,0x00000000e1f80000,0x00000000e3080000)
 ParOldGen       total 82944K, used 25277K [0x0000000080000000, 0x0000000085100000, 0x00000000d5580000)
  object space 82944K, 30% used [0x0000000080000000,0x00000000818af6d8,0x0000000085100000)
 Metaspace       used 49816K, capacity 52158K, committed 52568K, reserved 1095680K
  class space    used 6709K, capacity 7176K, committed 7296K, reserved 1048576K
}
Event: 11.055 GC heap before
{Heap before GC invocations=14 (full 2):
 PSYoungGen      total 157696K, used 98431K [0x00000000d5580000, 0x00000000e3080000, 0x0000000100000000)
  eden space 145408K, 59% used [0x00000000d5580000,0x00000000da9a2988,0x00000000de380000)
  from space 12288K, 99% used [0x00000000de380000,0x00000000def7d338,0x00000000def80000)
  to   space 17408K, 0% used [0x00000000e1f80000,0x00000000e1f80000,0x00000000e3080000)
 ParOldGen       total 82944K, used 25277K [0x0000000080000000, 0x0000000085100000, 0x00000000d5580000)
  object space 82944K, 30% used [0x0000000080000000,0x00000000818af6d8,0x0000000085100000)
 Metaspace       used 56259K, capacity 59011K, committed 59028K, reserved 1099776K
  class space    used 7648K, capacity 8192K, committed 8192K, reserved 1048576K
Event: 11.071 GC heap after
Heap after GC invocations=14 (full 2):
 PSYoungGen      total 207872K, used 8809K [0x00000000d5580000, 0x00000000e3700000, 0x0000000100000000)
  eden space 190464K, 0% used [0x00000000d5580000,0x00000000d5580000,0x00000000e0f80000)
  from space 17408K, 50% used [0x00000000e1f80000,0x00000000e281a470,0x00000000e3080000)
  to   space 16384K, 0% used [0x00000000e0f80000,0x00000000e0f80000,0x00000000e1f80000)
 ParOldGen       total 82944K, used 33904K [0x0000000080000000, 0x0000000085100000, 0x00000000d5580000)
  object space 82944K, 40% used [0x0000000080000000,0x000000008211c050,0x0000000085100000)
 Metaspace       used 56259K, capacity 59011K, committed 59028K, reserved 1099776K
  class space    used 7648K, capacity 8192K, committed 8192K, reserved 1048576K
}
Event: 11.071 GC heap before
{Heap before GC invocations=15 (full 3):
 PSYoungGen      total 207872K, used 8809K [0x00000000d5580000, 0x00000000e3700000, 0x0000000100000000)
  eden space 190464K, 0% used [0x00000000d5580000,0x00000000d5580000,0x00000000e0f80000)
  from space 17408K, 50% used [0x00000000e1f80000,0x00000000e281a470,0x00000000e3080000)
  to   space 16384K, 0% used [0x00000000e0f80000,0x00000000e0f80000,0x00000000e1f80000)
 ParOldGen       total 82944K, used 33904K [0x0000000080000000, 0x0000000085100000, 0x00000000d5580000)
  object space 82944K, 40% used [0x0000000080000000,0x000000008211c050,0x0000000085100000)
 Metaspace       used 56259K, capacity 59011K, committed 59028K, reserved 1099776K
  class space    used 7648K, capacity 8192K, committed 8192K, reserved 1048576K
Event: 11.290 GC heap after
Heap after GC invocations=15 (full 3):
 PSYoungGen      total 207872K, used 0K [0x00000000d5580000, 0x00000000e3700000, 0x0000000100000000)
  eden space 190464K, 0% used [0x00000000d5580000,0x00000000d5580000,0x00000000e0f80000)
  from space 17408K, 0% used [0x00000000e1f80000,0x00000000e1f80000,0x00000000e3080000)
  to   space 16384K, 0% used [0x00000000e0f80000,0x00000000e0f80000,0x00000000e1f80000)
 ParOldGen       total 134656K, used 36254K [0x0000000080000000, 0x0000000088380000, 0x00000000d5580000)
  object space 134656K, 26% used [0x0000000080000000,0x0000000082367800,0x0000000088380000)
 Metaspace       used 56169K, capacity 58705K, committed 59028K, reserved 1099776K
  class space    used 7620K, capacity 8141K, committed 8192K, reserved 1048576K
}
Event: 13.683 GC heap before
{Heap before GC invocations=16 (full 3):
 PSYoungGen      total 207872K, used 190464K [0x00000000d5580000, 0x00000000e3700000, 0x0000000100000000)
  eden space 190464K, 100% used [0x00000000d5580000,0x00000000e0f80000,0x00000000e0f80000)
  from space 17408K, 0% used [0x00000000e1f80000,0x00000000e1f80000,0x00000000e3080000)
  to   space 16384K, 0% used [0x00000000e0f80000,0x00000000e0f80000,0x00000000e1f80000)
 ParOldGen       total 134656K, used 36254K [0x0000000080000000, 0x0000000088380000, 0x00000000d5580000)
  object space 134656K, 26% used [0x0000000080000000,0x0000000082367800,0x0000000088380000)
 Metaspace       used 66367K, capacity 69719K, committed 69976K, reserved 1110016K
  class space    used 9090K, capacity 9748K, committed 9856K, reserved 1048576K
Event: 13.700 GC heap after
Heap after GC invocations=16 (full 3):
 PSYoungGen      total 206848K, used 16360K [0x00000000d5580000, 0x00000000e5680000, 0x0000000100000000)
  eden space 190464K, 0% used [0x00000000d5580000,0x00000000d5580000,0x00000000e0f80000)
  from space 16384K, 99% used [0x00000000e0f80000,0x00000000e1f7a0c0,0x00000000e1f80000)
  to   space 18944K, 0% used [0x00000000e4400000,0x00000000e4400000,0x00000000e5680000)
 ParOldGen       total 134656K, used 37501K [0x0000000080000000, 0x0000000088380000, 0x00000000d5580000)
  object space 134656K, 27% used [0x0000000080000000,0x000000008249f6a8,0x0000000088380000)
 Metaspace       used 66367K, capacity 69719K, committed 69976K, reserved 1110016K
  class space    used 9090K, capacity 9748K, committed 9856K, reserved 1048576K
}
Event: 17.522 GC heap before
{Heap before GC invocations=17 (full 3):
 PSYoungGen      total 206848K, used 206824K [0x00000000d5580000, 0x00000000e5680000, 0x0000000100000000)
  eden space 190464K, 100% used [0x00000000d5580000,0x00000000e0f80000,0x00000000e0f80000)
  from space 16384K, 99% used [0x00000000e0f80000,0x00000000e1f7a0c0,0x00000000e1f80000)
  to   space 18944K, 0% used [0x00000000e4400000,0x00000000e4400000,0x00000000e5680000)
 ParOldGen       total 134656K, used 37501K [0x0000000080000000, 0x0000000088380000, 0x00000000d5580000)
  object space 134656K, 27% used [0x0000000080000000,0x000000008249f6a8,0x0000000088380000)
 Metaspace       used 75972K, capacity 81415K, committed 81752K, reserved 1120256K
  class space    used 10513K, capacity 11526K, committed 11648K, reserved 1048576K
Event: 17.543 GC heap after
Heap after GC invocations=17 (full 3):
 PSYoungGen      total 239104K, used 14621K [0x00000000d5580000, 0x00000000e5500000, 0x0000000100000000)
  eden space 221696K, 0% used [0x00000000d5580000,0x00000000d5580000,0x00000000e2e00000)
  from space 17408K, 83% used [0x00000000e4400000,0x00000000e5247798,0x00000000e5500000)
  to   space 19968K, 0% used [0x00000000e2e00000,0x00000000e2e00000,0x00000000e4180000)
 ParOldGen       total 134656K, used 49612K [0x0000000080000000, 0x0000000088380000, 0x00000000d5580000)
  object space 134656K, 36% used [0x0000000080000000,0x00000000830732c8,0x0000000088380000)
 Metaspace       used 75972K, capacity 81415K, committed 81752K, reserved 1120256K
  class space    used 10513K, capacity 11526K, committed 11648K, reserved 1048576K
}

