# JRE version: OpenJDK Runtime Environment (8.0_242-b01) (build 1.8.0_242-release-1644-b01)
# Java VM: OpenJDK 64-Bit Server VM (25.242-b01 mixed mode windows-amd64 compressed oops)
Heap:
 PSYoungGen      total 203776K, used 176393K [0x00000000d5580000, 0x00000000e5500000, 0x0000000100000000)
  eden space 186880K, 85% used [0x00000000d5580000,0x00000000df147258,0x00000000e0c00000)
  from space 16896K, 99% used [0x00000000e0c00000,0x00000000e1c7b448,0x00000000e1c80000)
  to   space 18944K, 0% used [0x00000000e4280000,0x00000000e4280000,0x00000000e5500000)
 ParOldGen       total 132096K, used 34455K [0x0000000080000000, 0x0000000088100000, 0x00000000d5580000)
  object space 132096K, 26% used [0x0000000080000000,0x00000000821a5ef8,0x0000000088100000)
 Metaspace       used 73906K, capacity 79284K, committed 79448K, reserved 1118208K
  class space    used 10137K, capacity 11108K, committed 11136K, reserved 1048576K
GC Heap History (10 events):
Event: 7.166 GC heap before
{Heap before GC invocations=12 (full 2):
 PSYoungGen      total 120832K, used 109056K [0x00000000d5580000, 0x00000000e0700000, 0x0000000100000000)
  eden space 109056K, 100% used [0x00000000d5580000,0x00000000dc000000,0x00000000dc000000)
  from space 11776K, 0% used [0x00000000dc000000,0x00000000dc000000,0x00000000dcb80000)
  to   space 11776K, 0% used [0x00000000dfb80000,0x00000000dfb80000,0x00000000e0700000)
 ParOldGen       total 81920K, used 14795K [0x0000000080000000, 0x0000000085000000, 0x00000000d5580000)
  object space 81920K, 18% used [0x0000000080000000,0x0000000080e72c78,0x0000000085000000)
 Metaspace       used 40287K, capacity 42270K, committed 42584K, reserved 1085440K
  class space    used 5526K, capacity 5936K, committed 6016K, reserved 1048576K
Event: 7.174 GC heap after
Heap after GC invocations=12 (full 2):
 PSYoungGen      total 153088K, used 10116K [0x00000000d5580000, 0x00000000e0580000, 0x0000000100000000)
  eden space 142848K, 0% used [0x00000000d5580000,0x00000000d5580000,0x00000000de100000)
  from space 10240K, 98% used [0x00000000dfb80000,0x00000000e05611a8,0x00000000e0580000)
  to   space 12288K, 0% used [0x00000000ded80000,0x00000000ded80000,0x00000000df980000)
 ParOldGen       total 81920K, used 14803K [0x0000000080000000, 0x0000000085000000, 0x00000000d5580000)
  object space 81920K, 18% used [0x0000000080000000,0x0000000080e74c78,0x0000000085000000)
 Metaspace       used 40287K, capacity 42270K, committed 42584K, reserved 1085440K
  class space    used 5526K, capacity 5936K, committed 6016K, reserved 1048576K
}
Event: 8.434 GC heap before
{Heap before GC invocations=13 (full 2):
 PSYoungGen      total 153088K, used 152964K [0x00000000d5580000, 0x00000000e0580000, 0x0000000100000000)
  eden space 142848K, 100% used [0x00000000d5580000,0x00000000de100000,0x00000000de100000)
  from space 10240K, 98% used [0x00000000dfb80000,0x00000000e05611a8,0x00000000e0580000)
  to   space 12288K, 0% used [0x00000000ded80000,0x00000000ded80000,0x00000000df980000)
 ParOldGen       total 81920K, used 14803K [0x0000000080000000, 0x0000000085000000, 0x00000000d5580000)
  object space 81920K, 18% used [0x0000000080000000,0x0000000080e74c78,0x0000000085000000)
 Metaspace       used 51866K, capacity 54308K, committed 54360K, reserved 1095680K
  class space    used 7005K, capacity 7541K, committed 7552K, reserved 1048576K
Event: 8.451 GC heap after
Heap after GC invocations=13 (full 2):
 PSYoungGen      total 167936K, used 12268K [0x00000000d5580000, 0x00000000e2d80000, 0x0000000100000000)
  eden space 155648K, 0% used [0x00000000d5580000,0x00000000d5580000,0x00000000ded80000)
  from space 12288K, 99% used [0x00000000ded80000,0x00000000df97b310,0x00000000df980000)
  to   space 17408K, 0% used [0x00000000e1c80000,0x00000000e1c80000,0x00000000e2d80000)
 ParOldGen       total 81920K, used 24925K [0x0000000080000000, 0x0000000085000000, 0x00000000d5580000)
  object space 81920K, 30% used [0x0000000080000000,0x0000000081857500,0x0000000085000000)
 Metaspace       used 51866K, capacity 54308K, committed 54360K, reserved 1095680K
  class space    used 7005K, capacity 7541K, committed 7552K, reserved 1048576K
}
Event: 9.046 GC heap before
{Heap before GC invocations=14 (full 2):
 PSYoungGen      total 167936K, used 78942K [0x00000000d5580000, 0x00000000e2d80000, 0x0000000100000000)
  eden space 155648K, 42% used [0x00000000d5580000,0x00000000d969c658,0x00000000ded80000)
  from space 12288K, 99% used [0x00000000ded80000,0x00000000df97b310,0x00000000df980000)
  to   space 17408K, 0% used [0x00000000e1c80000,0x00000000e1c80000,0x00000000e2d80000)
 ParOldGen       total 81920K, used 24925K [0x0000000080000000, 0x0000000085000000, 0x00000000d5580000)
  object space 81920K, 30% used [0x0000000080000000,0x0000000081857500,0x0000000085000000)
 Metaspace       used 56147K, capacity 58846K, committed 58968K, reserved 1099776K
  class space    used 7661K, capacity 8242K, committed 8320K, reserved 1048576K
Event: 9.061 GC heap after
Heap after GC invocations=14 (full 2):
 PSYoungGen      total 204288K, used 7889K [0x00000000d5580000, 0x00000000e4080000, 0x0000000100000000)
  eden space 186880K, 0% used [0x00000000d5580000,0x00000000d5580000,0x00000000e0c00000)
  from space 17408K, 45% used [0x00000000e1c80000,0x00000000e2434468,0x00000000e2d80000)
  to   space 16896K, 0% used [0x00000000e0c00000,0x00000000e0c00000,0x00000000e1c80000)
 ParOldGen       total 81920K, used 37148K [0x0000000080000000, 0x0000000085000000, 0x00000000d5580000)
  object space 81920K, 45% used [0x0000000080000000,0x00000000824473e8,0x0000000085000000)
 Metaspace       used 56147K, capacity 58846K, committed 58968K, reserved 1099776K
  class space    used 7661K, capacity 8242K, committed 8320K, reserved 1048576K
}
Event: 9.061 GC heap before
{Heap before GC invocations=15 (full 3):
 PSYoungGen      total 204288K, used 7889K [0x00000000d5580000, 0x00000000e4080000, 0x0000000100000000)
  eden space 186880K, 0% used [0x00000000d5580000,0x00000000d5580000,0x00000000e0c00000)
  from space 17408K, 45% used [0x00000000e1c80000,0x00000000e2434468,0x00000000e2d80000)
  to   space 16896K, 0% used [0x00000000e0c00000,0x00000000e0c00000,0x00000000e1c80000)
 ParOldGen       total 81920K, used 37148K [0x0000000080000000, 0x0000000085000000, 0x00000000d5580000)
  object space 81920K, 45% used [0x0000000080000000,0x00000000824473e8,0x0000000085000000)
 Metaspace       used 56147K, capacity 58846K, committed 58968K, reserved 1099776K
  class space    used 7661K, capacity 8242K, committed 8320K, reserved 1048576K
Event: 9.266 GC heap after
Heap after GC invocations=15 (full 3):
 PSYoungGen      total 204288K, used 0K [0x00000000d5580000, 0x00000000e4080000, 0x0000000100000000)
  eden space 186880K, 0% used [0x00000000d5580000,0x00000000d5580000,0x00000000e0c00000)
  from space 17408K, 0% used [0x00000000e1c80000,0x00000000e1c80000,0x00000000e2d80000)
  to   space 16896K, 0% used [0x00000000e0c00000,0x00000000e0c00000,0x00000000e1c80000)
 ParOldGen       total 132096K, used 34079K [0x0000000080000000, 0x0000000088100000, 0x00000000d5580000)
  object space 132096K, 25% used [0x0000000080000000,0x0000000082147e78,0x0000000088100000)
 Metaspace       used 56048K, capacity 58510K, committed 58968K, reserved 1099776K
  class space    used 7630K, capacity 8186K, committed 8320K, reserved 1048576K
}
Event: 11.696 GC heap before
{Heap before GC invocations=16 (full 3):
 PSYoungGen      total 204288K, used 186880K [0x00000000d5580000, 0x00000000e4080000, 0x0000000100000000)
  eden space 186880K, 100% used [0x00000000d5580000,0x00000000e0c00000,0x00000000e0c00000)
  from space 17408K, 0% used [0x00000000e1c80000,0x00000000e1c80000,0x00000000e2d80000)
  to   space 16896K, 0% used [0x00000000e0c00000,0x00000000e0c00000,0x00000000e1c80000)
 ParOldGen       total 132096K, used 34079K [0x0000000080000000, 0x0000000088100000, 0x00000000d5580000)
  object space 132096K, 25% used [0x0000000080000000,0x0000000082147e78,0x0000000088100000)
 Metaspace       used 66189K, capacity 71024K, committed 71256K, reserved 1110016K
  class space    used 9185K, capacity 10019K, committed 10112K, reserved 1048576K
Event: 11.716 GC heap after
Heap after GC invocations=16 (full 3):
 PSYoungGen      total 203776K, used 16877K [0x00000000d5580000, 0x00000000e5500000, 0x0000000100000000)
  eden space 186880K, 0% used [0x00000000d5580000,0x00000000d5580000,0x00000000e0c00000)
  from space 16896K, 99% used [0x00000000e0c00000,0x00000000e1c7b448,0x00000000e1c80000)
  to   space 18944K, 0% used [0x00000000e4280000,0x00000000e4280000,0x00000000e5500000)
 ParOldGen       total 132096K, used 34455K [0x0000000080000000, 0x0000000088100000, 0x00000000d5580000)
  object space 132096K, 26% used [0x0000000080000000,0x00000000821a5ef8,0x0000000088100000)
 Metaspace       used 66189K, capacity 71024K, committed 71256K, reserved 1110016K
  class space    used 9185K, capacity 10019K, committed 10112K, reserved 1048576K
}

