# JRE version: OpenJDK Runtime Environment (8.0_242-b01) (build 1.8.0_242-release-1644-b01)
# Java VM: OpenJDK 64-Bit Server VM (25.242-b01 mixed mode windows-amd64 compressed oops)
Heap:
 PSYoungGen      total 208896K, used 67550K [0x00000000d5580000, 0x00000000e4300000, 0x0000000100000000)
  eden space 180224K, 31% used [0x00000000d5580000,0x00000000d8c197e0,0x00000000e0580000)
  from space 28672K, 40% used [0x00000000e2000000,0x00000000e2b70668,0x00000000e3c00000)
  to   space 27136K, 0% used [0x00000000e0580000,0x00000000e0580000,0x00000000e2000000)
 ParOldGen       total 114688K, used 52664K [0x0000000080000000, 0x0000000087000000, 0x00000000d5580000)
  object space 114688K, 45% used [0x0000000080000000,0x000000008336e110,0x0000000087000000)
 Metaspace       used 91964K, capacity 97532K, committed 98792K, reserved 1134592K
  class space    used 12085K, capacity 13106K, committed 13440K, reserved 1048576K
GC Heap History (10 events):
Event: 1493.039 GC heap before
{Heap before GC invocations=22 (full 3):
 PSYoungGen      total 223744K, used 213073K [0x00000000d5580000, 0x00000000e4900000, 0x0000000100000000)
  eden space 198144K, 100% used [0x00000000d5580000,0x00000000e1700000,0x00000000e1700000)
  from space 25600K, 58% used [0x00000000e3000000,0x00000000e3e945c8,0x00000000e4900000)
  to   space 25600K, 0% used [0x00000000e1700000,0x00000000e1700000,0x00000000e3000000)
 ParOldGen       total 114688K, used 55643K [0x0000000080000000, 0x0000000087000000, 0x00000000d5580000)
  object space 114688K, 48% used [0x0000000080000000,0x0000000083656df0,0x0000000087000000)
 Metaspace       used 90646K, capacity 96720K, committed 96984K, reserved 1132544K
  class space    used 12174K, capacity 13232K, committed 13312K, reserved 1048576K
Event: 1493.064 GC heap after
Heap after GC invocations=22 (full 3):
 PSYoungGen      total 217088K, used 25572K [0x00000000d5580000, 0x00000000e4b80000, 0x0000000100000000)
  eden space 191488K, 0% used [0x00000000d5580000,0x00000000d5580000,0x00000000e1080000)
  from space 25600K, 99% used [0x00000000e1700000,0x00000000e2ff90a8,0x00000000e3000000)
  to   space 28160K, 0% used [0x00000000e3000000,0x00000000e3000000,0x00000000e4b80000)
 ParOldGen       total 114688K, used 57553K [0x0000000080000000, 0x0000000087000000, 0x00000000d5580000)
  object space 114688K, 50% used [0x0000000080000000,0x00000000838347a0,0x0000000087000000)
 Metaspace       used 90646K, capacity 96720K, committed 96984K, reserved 1132544K
  class space    used 12174K, capacity 13232K, committed 13312K, reserved 1048576K
}
Event: 1556.230 GC heap before
{Heap before GC invocations=23 (full 3):
 PSYoungGen      total 217088K, used 217060K [0x00000000d5580000, 0x00000000e4b80000, 0x0000000100000000)
  eden space 191488K, 100% used [0x00000000d5580000,0x00000000e1080000,0x00000000e1080000)
  from space 25600K, 99% used [0x00000000e1700000,0x00000000e2ff90a8,0x00000000e3000000)
  to   space 28160K, 0% used [0x00000000e3000000,0x00000000e3000000,0x00000000e4b80000)
 ParOldGen       total 114688K, used 57553K [0x0000000080000000, 0x0000000087000000, 0x00000000d5580000)
  object space 114688K, 50% used [0x0000000080000000,0x00000000838347a0,0x0000000087000000)
 Metaspace       used 91436K, capacity 97742K, committed 97880K, reserved 1134592K
  class space    used 12206K, capacity 13315K, committed 13440K, reserved 1048576K
Event: 1556.251 GC heap after
Heap after GC invocations=23 (full 3):
 PSYoungGen      total 203264K, used 12385K [0x00000000d5580000, 0x00000000e4200000, 0x0000000100000000)
  eden space 184832K, 0% used [0x00000000d5580000,0x00000000d5580000,0x00000000e0a00000)
  from space 18432K, 67% used [0x00000000e3000000,0x00000000e3c18678,0x00000000e4200000)
  to   space 28672K, 0% used [0x00000000e0a00000,0x00000000e0a00000,0x00000000e2600000)
 ParOldGen       total 114688K, used 68470K [0x0000000080000000, 0x0000000087000000, 0x00000000d5580000)
  object space 114688K, 59% used [0x0000000080000000,0x00000000842dd960,0x0000000087000000)
 Metaspace       used 91436K, capacity 97742K, committed 97880K, reserved 1134592K
  class space    used 12206K, capacity 13315K, committed 13440K, reserved 1048576K
}
Event: 1635.453 GC heap before
{Heap before GC invocations=24 (full 3):
 PSYoungGen      total 203264K, used 106988K [0x00000000d5580000, 0x00000000e4200000, 0x0000000100000000)
  eden space 184832K, 51% used [0x00000000d5580000,0x00000000db1e2c50,0x00000000e0a00000)
  from space 18432K, 67% used [0x00000000e3000000,0x00000000e3c18678,0x00000000e4200000)
  to   space 28672K, 0% used [0x00000000e0a00000,0x00000000e0a00000,0x00000000e2600000)
 ParOldGen       total 114688K, used 68470K [0x0000000080000000, 0x0000000087000000, 0x00000000d5580000)
  object space 114688K, 59% used [0x0000000080000000,0x00000000842dd960,0x0000000087000000)
 Metaspace       used 91826K, capacity 98182K, committed 98280K, reserved 1134592K
  class space    used 12221K, capacity 13343K, committed 13440K, reserved 1048576K
Event: 1635.459 GC heap after
Heap after GC invocations=24 (full 3):
 PSYoungGen      total 182272K, used 3264K [0x00000000d5580000, 0x00000000e3c00000, 0x0000000100000000)
  eden space 178688K, 0% used [0x00000000d5580000,0x00000000d5580000,0x00000000e0400000)
  from space 3584K, 91% used [0x00000000e0a00000,0x00000000e0d30020,0x00000000e0d80000)
  to   space 28672K, 0% used [0x00000000e2000000,0x00000000e2000000,0x00000000e3c00000)
 ParOldGen       total 114688K, used 68478K [0x0000000080000000, 0x0000000087000000, 0x00000000d5580000)
  object space 114688K, 59% used [0x0000000080000000,0x00000000842df960,0x0000000087000000)
 Metaspace       used 91826K, capacity 98182K, committed 98280K, reserved 1134592K
  class space    used 12221K, capacity 13343K, committed 13440K, reserved 1048576K
}
Event: 1635.459 GC heap before
{Heap before GC invocations=25 (full 4):
 PSYoungGen      total 182272K, used 3264K [0x00000000d5580000, 0x00000000e3c00000, 0x0000000100000000)
  eden space 178688K, 0% used [0x00000000d5580000,0x00000000d5580000,0x00000000e0400000)
  from space 3584K, 91% used [0x00000000e0a00000,0x00000000e0d30020,0x00000000e0d80000)
  to   space 28672K, 0% used [0x00000000e2000000,0x00000000e2000000,0x00000000e3c00000)
 ParOldGen       total 114688K, used 68478K [0x0000000080000000, 0x0000000087000000, 0x00000000d5580000)
  object space 114688K, 59% used [0x0000000080000000,0x00000000842df960,0x0000000087000000)
 Metaspace       used 91826K, capacity 98182K, committed 98280K, reserved 1134592K
  class space    used 12221K, capacity 13343K, committed 13440K, reserved 1048576K
Event: 1635.657 GC heap after
Heap after GC invocations=25 (full 4):
 PSYoungGen      total 182272K, used 0K [0x00000000d5580000, 0x00000000e3c00000, 0x0000000100000000)
  eden space 178688K, 0% used [0x00000000d5580000,0x00000000d5580000,0x00000000e0400000)
  from space 3584K, 0% used [0x00000000e0a00000,0x00000000e0a00000,0x00000000e0d80000)
  to   space 28672K, 0% used [0x00000000e2000000,0x00000000e2000000,0x00000000e3c00000)
 ParOldGen       total 114688K, used 52656K [0x0000000080000000, 0x0000000087000000, 0x00000000d5580000)
  object space 114688K, 45% used [0x0000000080000000,0x000000008336c110,0x0000000087000000)
 Metaspace       used 91201K, capacity 96356K, committed 98280K, reserved 1134592K
  class space    used 12021K, capacity 12990K, committed 13440K, reserved 1048576K
}
Event: 1707.334 GC heap before
{Heap before GC invocations=26 (full 4):
 PSYoungGen      total 182272K, used 178688K [0x00000000d5580000, 0x00000000e3c00000, 0x0000000100000000)
  eden space 178688K, 100% used [0x00000000d5580000,0x00000000e0400000,0x00000000e0400000)
  from space 3584K, 0% used [0x00000000e0a00000,0x00000000e0a00000,0x00000000e0d80000)
  to   space 28672K, 0% used [0x00000000e2000000,0x00000000e2000000,0x00000000e3c00000)
 ParOldGen       total 114688K, used 52656K [0x0000000080000000, 0x0000000087000000, 0x00000000d5580000)
  object space 114688K, 45% used [0x0000000080000000,0x000000008336c110,0x0000000087000000)
 Metaspace       used 91887K, capacity 97452K, committed 98792K, reserved 1134592K
  class space    used 12083K, capacity 13104K, committed 13440K, reserved 1048576K
Event: 1707.348 GC heap after
Heap after GC invocations=26 (full 4):
 PSYoungGen      total 208896K, used 11713K [0x00000000d5580000, 0x00000000e4300000, 0x0000000100000000)
  eden space 180224K, 0% used [0x00000000d5580000,0x00000000d5580000,0x00000000e0580000)
  from space 28672K, 40% used [0x00000000e2000000,0x00000000e2b70668,0x00000000e3c00000)
  to   space 27136K, 0% used [0x00000000e0580000,0x00000000e0580000,0x00000000e2000000)
 ParOldGen       total 114688K, used 52664K [0x0000000080000000, 0x0000000087000000, 0x00000000d5580000)
  object space 114688K, 45% used [0x0000000080000000,0x000000008336e110,0x0000000087000000)
 Metaspace       used 91887K, capacity 97452K, committed 98792K, reserved 1134592K
  class space    used 12083K, capacity 13104K, committed 13440K, reserved 1048576K
}

